<?xml version="1.0" encoding="UTF-8"?>
<!--
  Copyright 2019 The Hekate Project

  The Hekate Project licenses this file to you under the Apache License,
  version 2.0 (the "License"); you may not use this file except in compliance
  with the License. You may obtain a copy of the License at:

  http://www.apache.org/licenses/LICENSE-2.0

  Unless required by applicable law or agreed to in writing, software
  distributed under the License is distributed on an "AS IS" BASIS, WITHOUT
  WARRANTIES OR CONDITIONS OF ANY KIND, either express or implied. See the
  License for the specific language governing permissions and limitations
  under the License.
  -->

<beans xmlns:xsi="http://www.w3.org/2001/XMLSchema-instance"
    xmlns:h="http://www.hekate.io/spring/hekate-core"
    xmlns="http://www.springframework.org/schema/beans"
    xsi:schemaLocation="http://www.springframework.org/schema/beans
        http://www.springframework.org/schema/beans/spring-beans.xsd
        http://www.hekate.io/spring/hekate-core
        http://www.hekate.io/spring/hekate-core.xsd">

    <h:node id="node1">
        <h:network port="10002"/>
        <h:cluster>
            <h:seed-node-provider>
                <h:static>
                    <h:address>localhost:10002</h:address>
                    <h:address>localhost:10003</h:address>
                </h:static>
            </h:seed-node-provider>
        </h:cluster>
    </h:node>

    <h:node id="node2">
        <h:network port="10003"/>
        <h:cluster>
            <h:seed-node-provider>
                <h:static>
                    <h:address>localhost:10002</h:address>
                    <h:address>localhost:10003</h:address>
                </h:static>
            </h:seed-node-provider>
        </h:cluster>
    </h:node>
</beans>
